# JRE version: OpenJDK Runtime Environment (8.0_252-b09) (build 1.8.0_252-b09)
# Java VM: OpenJDK 64-Bit Server VM (25.252-b09 mixed mode windows-amd64 compressed oops)
Heap:
 PSYoungGen      total 130048K, used 41661K [0x000000076e000000, 0x0000000777180000, 0x00000007c0000000)
  eden space 118784K, 25% used [0x000000076e000000,0x000000076fdb6bf8,0x0000000775400000)
  from space 11264K, 99% used [0x0000000776200000,0x0000000776cf8a68,0x0000000776d00000)
  to   space 14336K, 55% used [0x0000000775400000,0x0000000775bb63b8,0x0000000776200000)
 ParOldGen       total 173568K, used 17773K [0x00000006ca000000, 0x00000006d4980000, 0x000000076e000000)
  object space 173568K, 10% used [0x00000006ca000000,0x00000006cb15b6f8,0x00000006d4980000)
 Metaspace       used 54368K, capacity 58628K, committed 58752K, reserved 1103872K
  class space    used 7625K, capacity 8254K, committed 8320K, reserved 1048576K
GC Heap History (10 events):
Event: 2.580 GC heap before
{Heap before GC invocations=4 (full 1):
 PSYoungGen      total 73728K, used 63488K [0x000000076e000000, 0x0000000773200000, 0x00000007c0000000)
  eden space 63488K, 100% used [0x000000076e000000,0x0000000771e00000,0x0000000771e00000)
  from space 10240K, 0% used [0x0000000772800000,0x0000000772800000,0x0000000773200000)
  to   space 10240K, 0% used [0x0000000771e00000,0x0000000771e00000,0x0000000772800000)
 ParOldGen       total 104448K, used 7033K [0x00000006ca000000, 0x00000006d0600000, 0x000000076e000000)
  object space 104448K, 6% used [0x00000006ca000000,0x00000006ca6de6d8,0x00000006d0600000)
 Metaspace       used 28012K, capacity 29264K, committed 29440K, reserved 1075200K
  class space    used 3905K, capacity 4061K, committed 4096K, reserved 1048576K
Event: 2.585 GC heap after
Heap after GC invocations=4 (full 1):
 PSYoungGen      total 73728K, used 9280K [0x000000076e000000, 0x0000000774c00000, 0x00000007c0000000)
  eden space 63488K, 0% used [0x000000076e000000,0x000000076e000000,0x0000000771e00000)
  from space 10240K, 90% used [0x0000000771e00000,0x00000007727100b8,0x0000000772800000)
  to   space 10240K, 0% used [0x0000000774200000,0x0000000774200000,0x0000000774c00000)
 ParOldGen       total 104448K, used 7041K [0x00000006ca000000, 0x00000006d0600000, 0x000000076e000000)
  object space 104448K, 6% used [0x00000006ca000000,0x00000006ca6e06d8,0x00000006d0600000)
 Metaspace       used 28012K, capacity 29264K, committed 29440K, reserved 1075200K
  class space    used 3905K, capacity 4061K, committed 4096K, reserved 1048576K
}
Event: 3.074 GC heap before
{Heap before GC invocations=5 (full 1):
 PSYoungGen      total 73728K, used 49602K [0x000000076e000000, 0x0000000774c00000, 0x00000007c0000000)
  eden space 63488K, 63% used [0x000000076e000000,0x0000000770760790,0x0000000771e00000)
  from space 10240K, 90% used [0x0000000771e00000,0x00000007727100b8,0x0000000772800000)
  to   space 10240K, 0% used [0x0000000774200000,0x0000000774200000,0x0000000774c00000)
 ParOldGen       total 104448K, used 7041K [0x00000006ca000000, 0x00000006d0600000, 0x000000076e000000)
  object space 104448K, 6% used [0x00000006ca000000,0x00000006ca6e06d8,0x00000006d0600000)
 Metaspace       used 33679K, capacity 35340K, committed 35496K, reserved 1079296K
  class space    used 4542K, capacity 4763K, committed 4864K, reserved 1048576K
Event: 3.079 GC heap after
Heap after GC invocations=5 (full 1):
 PSYoungGen      total 100352K, used 10055K [0x000000076e000000, 0x0000000774e00000, 0x00000007c0000000)
  eden space 90112K, 0% used [0x000000076e000000,0x000000076e000000,0x0000000773800000)
  from space 10240K, 98% used [0x0000000774200000,0x0000000774bd1c20,0x0000000774c00000)
  to   space 10240K, 0% used [0x0000000773800000,0x0000000773800000,0x0000000774200000)
 ParOldGen       total 104448K, used 7049K [0x00000006ca000000, 0x00000006d0600000, 0x000000076e000000)
  object space 104448K, 6% used [0x00000006ca000000,0x00000006ca6e26d8,0x00000006d0600000)
 Metaspace       used 33679K, capacity 35340K, committed 35496K, reserved 1079296K
  class space    used 4542K, capacity 4763K, committed 4864K, reserved 1048576K
}
Event: 3.079 GC heap before
{Heap before GC invocations=6 (full 2):
 PSYoungGen      total 100352K, used 10055K [0x000000076e000000, 0x0000000774e00000, 0x00000007c0000000)
  eden space 90112K, 0% used [0x000000076e000000,0x000000076e000000,0x0000000773800000)
  from space 10240K, 98% used [0x0000000774200000,0x0000000774bd1c20,0x0000000774c00000)
  to   space 10240K, 0% used [0x0000000773800000,0x0000000773800000,0x0000000774200000)
 ParOldGen       total 104448K, used 7049K [0x00000006ca000000, 0x00000006d0600000, 0x000000076e000000)
  object space 104448K, 6% used [0x00000006ca000000,0x00000006ca6e26d8,0x00000006d0600000)
 Metaspace       used 33679K, capacity 35340K, committed 35496K, reserved 1079296K
  class space    used 4542K, capacity 4763K, committed 4864K, reserved 1048576K
Event: 3.106 GC heap after
Heap after GC invocations=6 (full 2):
 PSYoungGen      total 100352K, used 0K [0x000000076e000000, 0x0000000774e00000, 0x00000007c0000000)
  eden space 90112K, 0% used [0x000000076e000000,0x000000076e000000,0x0000000773800000)
  from space 10240K, 0% used [0x0000000774200000,0x0000000774200000,0x0000000774c00000)
  to   space 10240K, 0% used [0x0000000773800000,0x0000000773800000,0x0000000774200000)
 ParOldGen       total 173568K, used 13906K [0x00000006ca000000, 0x00000006d4980000, 0x000000076e000000)
  object space 173568K, 8% used [0x00000006ca000000,0x00000006cad94800,0x00000006d4980000)
 Metaspace       used 33679K, capacity 35340K, committed 35496K, reserved 1079296K
  class space    used 4542K, capacity 4763K, committed 4864K, reserved 1048576K
}
Event: 4.116 GC heap before
{Heap before GC invocations=7 (full 2):
 PSYoungGen      total 100352K, used 90112K [0x000000076e000000, 0x0000000774e00000, 0x00000007c0000000)
  eden space 90112K, 100% used [0x000000076e000000,0x0000000773800000,0x0000000773800000)
  from space 10240K, 0% used [0x0000000774200000,0x0000000774200000,0x0000000774c00000)
  to   space 10240K, 0% used [0x0000000773800000,0x0000000773800000,0x0000000774200000)
 ParOldGen       total 173568K, used 13906K [0x00000006ca000000, 0x00000006d4980000, 0x000000076e000000)
  object space 173568K, 8% used [0x00000006ca000000,0x00000006cad94800,0x00000006d4980000)
 Metaspace       used 42889K, capacity 45314K, committed 45440K, reserved 1089536K
  class space    used 5877K, capacity 6159K, committed 6272K, reserved 1048576K
Event: 4.123 GC heap after
Heap after GC invocations=7 (full 2):
 PSYoungGen      total 100352K, used 9755K [0x000000076e000000, 0x0000000776d00000, 0x00000007c0000000)
  eden space 90112K, 0% used [0x000000076e000000,0x000000076e000000,0x0000000773800000)
  from space 10240K, 95% used [0x0000000773800000,0x0000000774186e18,0x0000000774200000)
  to   space 11264K, 0% used [0x0000000776200000,0x0000000776200000,0x0000000776d00000)
 ParOldGen       total 173568K, used 13914K [0x00000006ca000000, 0x00000006d4980000, 0x000000076e000000)
  object space 173568K, 8% used [0x00000006ca000000,0x00000006cad96800,0x00000006d4980000)
 Metaspace       used 42889K, capacity 45314K, committed 45440K, reserved 1089536K
  class space    used 5877K, capacity 6159K, committed 6272K, reserved 1048576K
}
Event: 5.491 GC heap before
{Heap before GC invocations=8 (full 2):
 PSYoungGen      total 100352K, used 99867K [0x000000076e000000, 0x0000000776d00000, 0x00000007c0000000)
  eden space 90112K, 100% used [0x000000076e000000,0x0000000773800000,0x0000000773800000)
  from space 10240K, 95% used [0x0000000773800000,0x0000000774186e18,0x0000000774200000)
  to   space 11264K, 0% used [0x0000000776200000,0x0000000776200000,0x0000000776d00000)
 ParOldGen       total 173568K, used 13914K [0x00000006ca000000, 0x00000006d4980000, 0x000000076e000000)
  object space 173568K, 8% used [0x00000006ca000000,0x00000006cad96800,0x00000006d4980000)
 Metaspace       used 52213K, capacity 55424K, committed 55552K, reserved 1097728K
  class space    used 7195K, capacity 7580K, committed 7680K, reserved 1048576K
Event: 5.499 GC heap after
Heap after GC invocations=8 (full 2):
 PSYoungGen      total 130048K, used 11234K [0x000000076e000000, 0x0000000777180000, 0x00000007c0000000)
  eden space 118784K, 0% used [0x000000076e000000,0x000000076e000000,0x0000000775400000)
  from space 11264K, 99% used [0x0000000776200000,0x0000000776cf8a68,0x0000000776d00000)
  to   space 14336K, 0% used [0x0000000775400000,0x0000000775400000,0x0000000776200000)
 ParOldGen       total 173568K, used 17765K [0x00000006ca000000, 0x00000006d4980000, 0x000000076e000000)
  object space 173568K, 10% used [0x00000006ca000000,0x00000006cb1596f8,0x00000006d4980000)
 Metaspace       used 52213K, capacity 55424K, committed 55552K, reserved 1097728K
  class space    used 7195K, capacity 7580K, committed 7680K, reserved 1048576K
}

