# JRE version: OpenJDK Runtime Environment (8.0_252-b09) (build 1.8.0_252-b09)
# Java VM: OpenJDK 64-Bit Server VM (25.252-b09 mixed mode windows-amd64 compressed oops)
Heap:
 PSYoungGen      total 100352K, used 83556K [0x000000076e000000, 0x0000000774e80000, 0x00000007c0000000)
  eden space 90112K, 92% used [0x000000076e000000,0x0000000773199040,0x0000000773800000)
  from space 10240K, 0% used [0x0000000774200000,0x0000000774200000,0x0000000774c00000)
  to   space 10240K, 0% used [0x0000000773800000,0x0000000773800000,0x0000000774200000)
 ParOldGen       total 171520K, used 13884K [0x00000006ca000000, 0x00000006d4780000, 0x000000076e000000)
  object space 171520K, 8% used [0x00000006ca000000,0x00000006cad8f060,0x00000006d4780000)
 Metaspace       used 42227K, capacity 44618K, committed 44800K, reserved 1087488K
  class space    used 5781K, capacity 6059K, committed 6144K, reserved 1048576K
GC Heap History (10 events):
Event: 1.326 GC heap before
{Heap before GC invocations=2 (full 0):
 PSYoungGen      total 73728K, used 38229K [0x000000076e000000, 0x0000000773200000, 0x00000007c0000000)
  eden space 63488K, 44% used [0x000000076e000000,0x000000076fb5e130,0x0000000771e00000)
  from space 10240K, 99% used [0x0000000771e00000,0x00000007727f7670,0x0000000772800000)
  to   space 10240K, 0% used [0x0000000772800000,0x0000000772800000,0x0000000773200000)
 ParOldGen       total 167936K, used 16K [0x00000006ca000000, 0x00000006d4400000, 0x000000076e000000)
  object space 167936K, 0% used [0x00000006ca000000,0x00000006ca004000,0x00000006d4400000)
 Metaspace       used 20705K, capacity 21286K, committed 21296K, reserved 1067008K
  class space    used 2815K, capacity 2934K, committed 2944K, reserved 1048576K
Event: 1.330 GC heap after
Heap after GC invocations=2 (full 0):
 PSYoungGen      total 73728K, used 7457K [0x000000076e000000, 0x0000000773200000, 0x00000007c0000000)
  eden space 63488K, 0% used [0x000000076e000000,0x000000076e000000,0x0000000771e00000)
  from space 10240K, 72% used [0x0000000772800000,0x0000000772f487e8,0x0000000773200000)
  to   space 10240K, 0% used [0x0000000771e00000,0x0000000771e00000,0x0000000772800000)
 ParOldGen       total 167936K, used 24K [0x00000006ca000000, 0x00000006d4400000, 0x000000076e000000)
  object space 167936K, 0% used [0x00000006ca000000,0x00000006ca006000,0x00000006d4400000)
 Metaspace       used 20705K, capacity 21286K, committed 21296K, reserved 1067008K
  class space    used 2815K, capacity 2934K, committed 2944K, reserved 1048576K
}
Event: 1.330 GC heap before
{Heap before GC invocations=3 (full 1):
 PSYoungGen      total 73728K, used 7457K [0x000000076e000000, 0x0000000773200000, 0x00000007c0000000)
  eden space 63488K, 0% used [0x000000076e000000,0x000000076e000000,0x0000000771e00000)
  from space 10240K, 72% used [0x0000000772800000,0x0000000772f487e8,0x0000000773200000)
  to   space 10240K, 0% used [0x0000000771e00000,0x0000000771e00000,0x0000000772800000)
 ParOldGen       total 167936K, used 24K [0x00000006ca000000, 0x00000006d4400000, 0x000000076e000000)
  object space 167936K, 0% used [0x00000006ca000000,0x00000006ca006000,0x00000006d4400000)
 Metaspace       used 20705K, capacity 21286K, committed 21296K, reserved 1067008K
  class space    used 2815K, capacity 2934K, committed 2944K, reserved 1048576K
Event: 1.345 GC heap after
Heap after GC invocations=3 (full 1):
 PSYoungGen      total 73728K, used 0K [0x000000076e000000, 0x0000000773200000, 0x00000007c0000000)
  eden space 63488K, 0% used [0x000000076e000000,0x000000076e000000,0x0000000771e00000)
  from space 10240K, 0% used [0x0000000772800000,0x0000000772800000,0x0000000773200000)
  to   space 10240K, 0% used [0x0000000771e00000,0x0000000771e00000,0x0000000772800000)
 ParOldGen       total 104960K, used 7094K [0x00000006ca000000, 0x00000006d0680000, 0x000000076e000000)
  object space 104960K, 6% used [0x00000006ca000000,0x00000006ca6ed850,0x00000006d0680000)
 Metaspace       used 20705K, capacity 21286K, committed 21296K, reserved 1067008K
  class space    used 2815K, capacity 2934K, committed 2944K, reserved 1048576K
}
Event: 2.226 GC heap before
{Heap before GC invocations=4 (full 1):
 PSYoungGen      total 73728K, used 63488K [0x000000076e000000, 0x0000000773200000, 0x00000007c0000000)
  eden space 63488K, 100% used [0x000000076e000000,0x0000000771e00000,0x0000000771e00000)
  from space 10240K, 0% used [0x0000000772800000,0x0000000772800000,0x0000000773200000)
  to   space 10240K, 0% used [0x0000000771e00000,0x0000000771e00000,0x0000000772800000)
 ParOldGen       total 104960K, used 7094K [0x00000006ca000000, 0x00000006d0680000, 0x000000076e000000)
  object space 104960K, 6% used [0x00000006ca000000,0x00000006ca6ed850,0x00000006d0680000)
 Metaspace       used 28043K, capacity 29314K, committed 29440K, reserved 1075200K
  class space    used 3908K, capacity 4096K, committed 4096K, reserved 1048576K
Event: 2.230 GC heap after
Heap after GC invocations=4 (full 1):
 PSYoungGen      total 73728K, used 9422K [0x000000076e000000, 0x0000000774c00000, 0x00000007c0000000)
  eden space 63488K, 0% used [0x000000076e000000,0x000000076e000000,0x0000000771e00000)
  from space 10240K, 92% used [0x0000000771e00000,0x0000000772733830,0x0000000772800000)
  to   space 10240K, 0% used [0x0000000774200000,0x0000000774200000,0x0000000774c00000)
 ParOldGen       total 104960K, used 7102K [0x00000006ca000000, 0x00000006d0680000, 0x000000076e000000)
  object space 104960K, 6% used [0x00000006ca000000,0x00000006ca6ef850,0x00000006d0680000)
 Metaspace       used 28043K, capacity 29314K, committed 29440K, reserved 1075200K
  class space    used 3908K, capacity 4096K, committed 4096K, reserved 1048576K
}
Event: 2.617 GC heap before
{Heap before GC invocations=5 (full 1):
 PSYoungGen      total 73728K, used 49540K [0x000000076e000000, 0x0000000774c00000, 0x00000007c0000000)
  eden space 63488K, 63% used [0x000000076e000000,0x000000077072d950,0x0000000771e00000)
  from space 10240K, 92% used [0x0000000771e00000,0x0000000772733830,0x0000000772800000)
  to   space 10240K, 0% used [0x0000000774200000,0x0000000774200000,0x0000000774c00000)
 ParOldGen       total 104960K, used 7102K [0x00000006ca000000, 0x00000006d0680000, 0x000000076e000000)
  object space 104960K, 6% used [0x00000006ca000000,0x00000006ca6ef850,0x00000006d0680000)
 Metaspace       used 33685K, capacity 35340K, committed 35496K, reserved 1079296K
  class space    used 4543K, capacity 4763K, committed 4864K, reserved 1048576K
Event: 2.623 GC heap after
Heap after GC invocations=5 (full 1):
 PSYoungGen      total 100352K, used 10117K [0x000000076e000000, 0x0000000774e80000, 0x00000007c0000000)
  eden space 90112K, 0% used [0x000000076e000000,0x000000076e000000,0x0000000773800000)
  from space 10240K, 98% used [0x0000000774200000,0x0000000774be1490,0x0000000774c00000)
  to   space 10240K, 0% used [0x0000000773800000,0x0000000773800000,0x0000000774200000)
 ParOldGen       total 104960K, used 7110K [0x00000006ca000000, 0x00000006d0680000, 0x000000076e000000)
  object space 104960K, 6% used [0x00000006ca000000,0x00000006ca6f1850,0x00000006d0680000)
 Metaspace       used 33685K, capacity 35340K, committed 35496K, reserved 1079296K
  class space    used 4543K, capacity 4763K, committed 4864K, reserved 1048576K
}
Event: 2.623 GC heap before
{Heap before GC invocations=6 (full 2):
 PSYoungGen      total 100352K, used 10117K [0x000000076e000000, 0x0000000774e80000, 0x00000007c0000000)
  eden space 90112K, 0% used [0x000000076e000000,0x000000076e000000,0x0000000773800000)
  from space 10240K, 98% used [0x0000000774200000,0x0000000774be1490,0x0000000774c00000)
  to   space 10240K, 0% used [0x0000000773800000,0x0000000773800000,0x0000000774200000)
 ParOldGen       total 104960K, used 7110K [0x00000006ca000000, 0x00000006d0680000, 0x000000076e000000)
  object space 104960K, 6% used [0x00000006ca000000,0x00000006ca6f1850,0x00000006d0680000)
 Metaspace       used 33685K, capacity 35340K, committed 35496K, reserved 1079296K
  class space    used 4543K, capacity 4763K, committed 4864K, reserved 1048576K
Event: 2.646 GC heap after
Heap after GC invocations=6 (full 2):
 PSYoungGen      total 100352K, used 0K [0x000000076e000000, 0x0000000774e80000, 0x00000007c0000000)
  eden space 90112K, 0% used [0x000000076e000000,0x000000076e000000,0x0000000773800000)
  from space 10240K, 0% used [0x0000000774200000,0x0000000774200000,0x0000000774c00000)
  to   space 10240K, 0% used [0x0000000773800000,0x0000000773800000,0x0000000774200000)
 ParOldGen       total 171520K, used 13884K [0x00000006ca000000, 0x00000006d4780000, 0x000000076e000000)
  object space 171520K, 8% used [0x00000006ca000000,0x00000006cad8f060,0x00000006d4780000)
 Metaspace       used 33685K, capacity 35340K, committed 35496K, reserved 1079296K
  class space    used 4543K, capacity 4763K, committed 4864K, reserved 1048576K
}

