# JRE version: OpenJDK Runtime Environment (8.0_252-b09) (build 1.8.0_252-b09)
# Java VM: OpenJDK 64-Bit Server VM (25.252-b09 mixed mode windows-amd64 compressed oops)
Heap:
 PSYoungGen      total 100352K, used 84972K [0x000000076e000000, 0x0000000774f80000, 0x00000007c0000000)
  eden space 90112K, 94% used [0x000000076e000000,0x00000007732fb1b0,0x0000000773800000)
  from space 10240K, 0% used [0x0000000774200000,0x0000000774200000,0x0000000774c00000)
  to   space 10240K, 0% used [0x0000000773800000,0x0000000773800000,0x0000000774200000)
 ParOldGen       total 171008K, used 13875K [0x00000006ca000000, 0x00000006d4700000, 0x000000076e000000)
  object space 171008K, 8% used [0x00000006ca000000,0x00000006cad8cc68,0x00000006d4700000)
 Metaspace       used 42159K, capacity 44510K, committed 44800K, reserved 1087488K
  class space    used 5771K, capacity 6025K, committed 6144K, reserved 1048576K
GC Heap History (10 events):
Event: 1.344 GC heap before
{Heap before GC invocations=2 (full 0):
 PSYoungGen      total 73728K, used 37661K [0x000000076e000000, 0x0000000773200000, 0x00000007c0000000)
  eden space 63488K, 43% used [0x000000076e000000,0x000000076fac93a8,0x0000000771e00000)
  from space 10240K, 99% used [0x0000000771e00000,0x00000007727fe330,0x0000000772800000)
  to   space 10240K, 0% used [0x0000000772800000,0x0000000772800000,0x0000000773200000)
 ParOldGen       total 167936K, used 301K [0x00000006ca000000, 0x00000006d4400000, 0x000000076e000000)
  object space 167936K, 0% used [0x00000006ca000000,0x00000006ca04b620,0x00000006d4400000)
 Metaspace       used 20704K, capacity 21286K, committed 21296K, reserved 1067008K
  class space    used 2815K, capacity 2934K, committed 2944K, reserved 1048576K
Event: 1.348 GC heap after
Heap after GC invocations=2 (full 0):
 PSYoungGen      total 73728K, used 7525K [0x000000076e000000, 0x0000000773200000, 0x00000007c0000000)
  eden space 63488K, 0% used [0x000000076e000000,0x000000076e000000,0x0000000771e00000)
  from space 10240K, 73% used [0x0000000772800000,0x0000000772f596c8,0x0000000773200000)
  to   space 10240K, 0% used [0x0000000771e00000,0x0000000771e00000,0x0000000772800000)
 ParOldGen       total 167936K, used 309K [0x00000006ca000000, 0x00000006d4400000, 0x000000076e000000)
  object space 167936K, 0% used [0x00000006ca000000,0x00000006ca04d620,0x00000006d4400000)
 Metaspace       used 20704K, capacity 21286K, committed 21296K, reserved 1067008K
  class space    used 2815K, capacity 2934K, committed 2944K, reserved 1048576K
}
Event: 1.348 GC heap before
{Heap before GC invocations=3 (full 1):
 PSYoungGen      total 73728K, used 7525K [0x000000076e000000, 0x0000000773200000, 0x00000007c0000000)
  eden space 63488K, 0% used [0x000000076e000000,0x000000076e000000,0x0000000771e00000)
  from space 10240K, 73% used [0x0000000772800000,0x0000000772f596c8,0x0000000773200000)
  to   space 10240K, 0% used [0x0000000771e00000,0x0000000771e00000,0x0000000772800000)
 ParOldGen       total 167936K, used 309K [0x00000006ca000000, 0x00000006d4400000, 0x000000076e000000)
  object space 167936K, 0% used [0x00000006ca000000,0x00000006ca04d620,0x00000006d4400000)
 Metaspace       used 20704K, capacity 21286K, committed 21296K, reserved 1067008K
  class space    used 2815K, capacity 2934K, committed 2944K, reserved 1048576K
Event: 1.363 GC heap after
Heap after GC invocations=3 (full 1):
 PSYoungGen      total 73728K, used 0K [0x000000076e000000, 0x0000000773200000, 0x00000007c0000000)
  eden space 63488K, 0% used [0x000000076e000000,0x000000076e000000,0x0000000771e00000)
  from space 10240K, 0% used [0x0000000772800000,0x0000000772800000,0x0000000773200000)
  to   space 10240K, 0% used [0x0000000771e00000,0x0000000771e00000,0x0000000772800000)
 ParOldGen       total 104960K, used 7101K [0x00000006ca000000, 0x00000006d0680000, 0x000000076e000000)
  object space 104960K, 6% used [0x00000006ca000000,0x00000006ca6ef780,0x00000006d0680000)
 Metaspace       used 20704K, capacity 21286K, committed 21296K, reserved 1067008K
  class space    used 2815K, capacity 2934K, committed 2944K, reserved 1048576K
}
Event: 2.220 GC heap before
{Heap before GC invocations=4 (full 1):
 PSYoungGen      total 73728K, used 63488K [0x000000076e000000, 0x0000000773200000, 0x00000007c0000000)
  eden space 63488K, 100% used [0x000000076e000000,0x0000000771e00000,0x0000000771e00000)
  from space 10240K, 0% used [0x0000000772800000,0x0000000772800000,0x0000000773200000)
  to   space 10240K, 0% used [0x0000000771e00000,0x0000000771e00000,0x0000000772800000)
 ParOldGen       total 104960K, used 7101K [0x00000006ca000000, 0x00000006d0680000, 0x000000076e000000)
  object space 104960K, 6% used [0x00000006ca000000,0x00000006ca6ef780,0x00000006d0680000)
 Metaspace       used 28013K, capacity 29264K, committed 29440K, reserved 1075200K
  class space    used 3905K, capacity 4061K, committed 4096K, reserved 1048576K
Event: 2.223 GC heap after
Heap after GC invocations=4 (full 1):
 PSYoungGen      total 73728K, used 9277K [0x000000076e000000, 0x0000000774c00000, 0x00000007c0000000)
  eden space 63488K, 0% used [0x000000076e000000,0x000000076e000000,0x0000000771e00000)
  from space 10240K, 90% used [0x0000000771e00000,0x000000077270f7c8,0x0000000772800000)
  to   space 10240K, 0% used [0x0000000774200000,0x0000000774200000,0x0000000774c00000)
 ParOldGen       total 104960K, used 7109K [0x00000006ca000000, 0x00000006d0680000, 0x000000076e000000)
  object space 104960K, 6% used [0x00000006ca000000,0x00000006ca6f1780,0x00000006d0680000)
 Metaspace       used 28013K, capacity 29264K, committed 29440K, reserved 1075200K
  class space    used 3905K, capacity 4061K, committed 4096K, reserved 1048576K
}
Event: 2.606 GC heap before
{Heap before GC invocations=5 (full 1):
 PSYoungGen      total 73728K, used 49175K [0x000000076e000000, 0x0000000774c00000, 0x00000007c0000000)
  eden space 63488K, 62% used [0x000000076e000000,0x00000007706f6770,0x0000000771e00000)
  from space 10240K, 90% used [0x0000000771e00000,0x000000077270f7c8,0x0000000772800000)
  to   space 10240K, 0% used [0x0000000774200000,0x0000000774200000,0x0000000774c00000)
 ParOldGen       total 104960K, used 7109K [0x00000006ca000000, 0x00000006d0680000, 0x000000076e000000)
  object space 104960K, 6% used [0x00000006ca000000,0x00000006ca6f1780,0x00000006d0680000)
 Metaspace       used 33680K, capacity 35340K, committed 35496K, reserved 1079296K
  class space    used 4541K, capacity 4763K, committed 4864K, reserved 1048576K
Event: 2.612 GC heap after
Heap after GC invocations=5 (full 1):
 PSYoungGen      total 100352K, used 10131K [0x000000076e000000, 0x0000000774f80000, 0x00000007c0000000)
  eden space 90112K, 0% used [0x000000076e000000,0x000000076e000000,0x0000000773800000)
  from space 10240K, 98% used [0x0000000774200000,0x0000000774be4d38,0x0000000774c00000)
  to   space 10240K, 0% used [0x0000000773800000,0x0000000773800000,0x0000000774200000)
 ParOldGen       total 104960K, used 7117K [0x00000006ca000000, 0x00000006d0680000, 0x000000076e000000)
  object space 104960K, 6% used [0x00000006ca000000,0x00000006ca6f3780,0x00000006d0680000)
 Metaspace       used 33680K, capacity 35340K, committed 35496K, reserved 1079296K
  class space    used 4541K, capacity 4763K, committed 4864K, reserved 1048576K
}
Event: 2.612 GC heap before
{Heap before GC invocations=6 (full 2):
 PSYoungGen      total 100352K, used 10131K [0x000000076e000000, 0x0000000774f80000, 0x00000007c0000000)
  eden space 90112K, 0% used [0x000000076e000000,0x000000076e000000,0x0000000773800000)
  from space 10240K, 98% used [0x0000000774200000,0x0000000774be4d38,0x0000000774c00000)
  to   space 10240K, 0% used [0x0000000773800000,0x0000000773800000,0x0000000774200000)
 ParOldGen       total 104960K, used 7117K [0x00000006ca000000, 0x00000006d0680000, 0x000000076e000000)
  object space 104960K, 6% used [0x00000006ca000000,0x00000006ca6f3780,0x00000006d0680000)
 Metaspace       used 33680K, capacity 35340K, committed 35496K, reserved 1079296K
  class space    used 4541K, capacity 4763K, committed 4864K, reserved 1048576K
Event: 2.635 GC heap after
Heap after GC invocations=6 (full 2):
 PSYoungGen      total 100352K, used 0K [0x000000076e000000, 0x0000000774f80000, 0x00000007c0000000)
  eden space 90112K, 0% used [0x000000076e000000,0x000000076e000000,0x0000000773800000)
  from space 10240K, 0% used [0x0000000774200000,0x0000000774200000,0x0000000774c00000)
  to   space 10240K, 0% used [0x0000000773800000,0x0000000773800000,0x0000000774200000)
 ParOldGen       total 171008K, used 13875K [0x00000006ca000000, 0x00000006d4700000, 0x000000076e000000)
  object space 171008K, 8% used [0x00000006ca000000,0x00000006cad8cc68,0x00000006d4700000)
 Metaspace       used 33680K, capacity 35340K, committed 35496K, reserved 1079296K
  class space    used 4541K, capacity 4763K, committed 4864K, reserved 1048576K
}

